Log file open, 10/08/18 16:25:08
LogWindows: Failed to load 'aqProf.dll' (GetLastError=126)
LogWindows: File 'aqProf.dll' does not exist
LogWindows: Failed to load 'VtuneApi.dll' (GetLastError=126)
LogWindows: File 'VtuneApi.dll' does not exist
LogWindows: Failed to load 'VtuneApi32e.dll' (GetLastError=126)
LogWindows: File 'VtuneApi32e.dll' does not exist
LogInit: Display: Running engine for game: Enviro_UE4
LogPlatformFile: Not using cached read wrapper
LogTaskGraph: Started task graph with 5 named threads and 23 total threads with 3 sets of task threads.
LogStats: Stats thread started at 0.265799
LogD3D11RHI: Loaded GFSDK_Aftermath_Lib.x64.dll
LogICUInternationalization: Display: ICU TimeZone Detection - Raw Offset: -7:00, Platform Override: ''
LogPluginManager: Mounting plugin Paper2D
LogPluginManager: Mounting plugin AISupport
LogPluginManager: Mounting plugin LightPropagationVolume
LogPluginManager: Mounting plugin CLionSourceCodeAccess
LogPluginManager: Mounting plugin CodeLiteSourceCodeAccess
LogPluginManager: Mounting plugin GitSourceControl
LogPluginManager: Mounting plugin KDevelopSourceCodeAccess
LogPluginManager: Mounting plugin NullSourceCodeAccess
LogPluginManager: Mounting plugin PerforceSourceControl
LogPluginManager: Mounting plugin SubversionSourceControl
LogPluginManager: Mounting plugin UObjectPlugin
LogPluginManager: Mounting plugin VisualStudioCodeSourceCodeAccess
LogPluginManager: Mounting plugin VisualStudioSourceCodeAccess
LogPluginManager: Mounting plugin XCodeSourceCodeAccess
LogPluginManager: Mounting plugin AssetManagerEditor
LogPluginManager: Mounting plugin CryptoKeys
LogPluginManager: Mounting plugin DataValidation
LogPluginManager: Mounting plugin FacialAnimation
LogPluginManager: Mounting plugin GameplayTagsEditor
LogPluginManager: Mounting plugin MacGraphicsSwitching
LogPluginManager: Mounting plugin MeshEditor
LogPluginManager: Mounting plugin MobileLauncherProfileWizard
LogPluginManager: Mounting plugin PluginBrowser
LogPluginManager: Mounting plugin SpeedTreeImporter
LogPluginManager: Mounting plugin DatasmithContent
LogPluginManager: Mounting plugin AlembicImporter
LogPluginManager: Mounting plugin AppleImageUtils
LogPluginManager: Mounting plugin AppleVision
LogPluginManager: Mounting plugin BackChannel
LogPluginManager: Mounting plugin CharacterAI
LogPluginManager: Mounting plugin GeometryCache
LogPluginManager: Mounting plugin HTML5Networking
LogPluginManager: Mounting plugin ProxyLODPlugin
LogPluginManager: Mounting plugin MagicLeap
LogPluginManager: Mounting plugin MagicLeapEmulator
LogPluginManager: Mounting plugin MagicLeapMedia
LogPluginManager: Mounting plugin AndroidMedia
LogPluginManager: Mounting plugin AvfMedia
LogPluginManager: Mounting plugin ImgMedia
LogPluginManager: Mounting plugin LinearTimecode
LogPluginManager: Mounting plugin MediaCompositing
LogPluginManager: Mounting plugin MediaPlayerEditor
LogPluginManager: Mounting plugin WmfMedia
LogPluginManager: Mounting plugin TcpMessaging
LogPluginManager: Mounting plugin UdpMessaging
LogPluginManager: Mounting plugin ActorSequence
LogPluginManager: Mounting plugin LevelSequenceEditor
LogPluginManager: Mounting plugin MatineeToLevelSequence
LogPluginManager: Mounting plugin NetcodeUnitTest
LogPluginManager: Mounting plugin NUTUnrealEngine4
LogPluginManager: Mounting plugin OnlineSubsystemGooglePlay
LogPluginManager: Mounting plugin OnlineSubsystemIOS
LogPluginManager: Mounting plugin OnlineSubsystem
LogPluginManager: Mounting plugin OnlineSubsystemNull
LogPluginManager: Mounting plugin OnlineSubsystemUtils
LogPluginManager: Mounting plugin LauncherChunkInstaller
LogPluginManager: Mounting plugin AndroidDeviceProfileSelector
LogPluginManager: Mounting plugin AndroidMoviePlayer
LogPluginManager: Mounting plugin AndroidPermission
LogPluginManager: Mounting plugin AppleMoviePlayer
LogPluginManager: Mounting plugin ArchVisCharacter
LogPluginManager: Mounting plugin AudioCapture
LogPluginManager: Mounting plugin CableComponent
LogPluginManager: Mounting plugin CustomMeshComponent
LogPluginManager: Mounting plugin EditableMesh
LogPluginManager: Mounting plugin ExampleDeviceProfileSelector
LogPluginManager: Mounting plugin GoogleCloudMessaging
LogPluginManager: Mounting plugin ImmediatePhysics
LogPluginManager: Mounting plugin IOSDeviceProfileSelector
LogPluginManager: Mounting plugin LinuxDeviceProfileSelector
LogPluginManager: Mounting plugin LocationServicesBPLibrary
LogPluginManager: Mounting plugin MobilePatchingUtils
LogPluginManager: Mounting plugin OculusVR
LogPluginManager: Plugin shader directory ../../../Engine/Plugins/Runtime/Oculus/OculusVR/Shaders found
LogPluginManager: Mapping shader source directory ../../../Engine/Plugins/Runtime/Oculus/OculusVR/Shaders to virtual directory /Plugin/OculusVR
LogPluginManager: Mounting plugin PhysXVehicles
LogPluginManager: Mounting plugin ProceduralMeshComponent
LogPluginManager: Mounting plugin RuntimePhysXCooking
LogPluginManager: Mounting plugin SteamVR
LogPluginManager: Mounting plugin WindowsMoviePlayer
LogStreaming: Display: Took  0.076s to configure plugins.
LogInit: Using libcurl 7.55.1-DEV
LogInit:  - built for x86_64-pc-win32
LogInit:  - supports SSL with OpenSSL/1.0.2h
LogInit:  - supports HTTP deflate (compression) using libz 1.2.8
LogInit:  - other features:
LogInit:      CURL_VERSION_SSL
LogInit:      CURL_VERSION_LIBZ
LogInit:      CURL_VERSION_IPV6
LogInit:      CURL_VERSION_ASYNCHDNS
LogInit:      CURL_VERSION_LARGEFILE
LogInit:      CURL_VERSION_IDN
LogInit:  CurlRequestOptions (configurable via config and command line):
LogInit:  - bVerifyPeer = false  - Libcurl will NOT verify peer certificate
LogInit:  - bUseHttpProxy = false  - Libcurl will NOT use HTTP proxy
LogInit:  - bDontReuseConnections = false  - Libcurl will reuse connections
LogInit:  - CertBundlePath = nullptr  - Libcurl will use whatever was configured at build time.
LogInit:  - MaxHostConnections = 16  - Libcurl will limit the number of connections to a host
LogInit:  - LocalHostAddr = Default
LogInit:  - BufferSize = 65536
LogInit: WinSock: version 1.1 (2.2), MaxSocks=32767, MaxUdp=65467
LogInit: Build: ++UE4+Release-4.20-CL-4212847
LogInit: Engine Version: 4.20.0-4212847+++UE4+Release-4.20
LogInit: Compatible Engine Version: 4.20.0-4212847+++UE4+Release-4.20
LogInit: Net CL: 4212847
LogInit: OS: Windows 10 (), CPU: Intel(R) Core(TM) i7-7700K CPU @ 4.20GHz, GPU: NVIDIA GeForce GTX 1070
LogInit: Compiled (64-bit): Jul 14 2018 09:51:14
LogInit: Compiled with Visual C++: 19.13.26129.00
LogInit: Build Configuration: Development
LogInit: Branch Name: ++UE4+Release-4.20
LogInit: Command Line: 
LogInit: Base Directory: C:/Program Files/Epic Games/UE_4.20/Engine/Binaries/Win64/
LogInit: Installed Engine Build: 1
LogDevObjectVersion: Number of dev versions registered: 20
LogDevObjectVersion:   Dev-Blueprints (B0D832E4-1F89-4F0D-ACCF-7EB736FD4AA2): 10
LogDevObjectVersion:   Dev-Build (E1C64328-A22C-4D53-A36C-8E866417BD8C): 0
LogDevObjectVersion:   Dev-Core (375EC13C-06E4-48FB-B500-84F0262A717E): 2
LogDevObjectVersion:   Dev-Editor (E4B068ED-F494-42E9-A231-DA0B2E46BB41): 24
LogDevObjectVersion:   Dev-Framework (CFFC743F-43B0-4480-9391-14DF171D2073): 34
LogDevObjectVersion:   Dev-Mobile (B02B49B5-BB20-44E9-A304-32B752E40360): 2
LogDevObjectVersion:   Dev-Networking (A4E4105C-59A1-49B5-A7C5-40C4547EDFEE): 0
LogDevObjectVersion:   Dev-Online (39C831C9-5AE6-47DC-9A44-9C173E1C8E7C): 0
LogDevObjectVersion:   Dev-Physics (78F01B33-EBEA-4F98-B9B4-84EACCB95AA2): 0
LogDevObjectVersion:   Dev-Platform (6631380F-2D4D-43E0-8009-CF276956A95A): 0
LogDevObjectVersion:   Dev-Rendering (12F88B9F-8875-4AFC-A67C-D90C383ABD29): 26
LogDevObjectVersion:   Dev-Sequencer (7B5AE74C-D270-4C10-A958-57980B212A5A): 9
LogDevObjectVersion:   Dev-VR (D7296918-1DD6-4BDD-9DE2-64A83CC13884): 2
LogDevObjectVersion:   Dev-LoadTimes (C2A15278-BFE7-4AFE-6C17-90FF531DF755): 1
LogDevObjectVersion:   Private-Geometry (6EACA3D4-40EC-4CC1-B786-8BED09428FC5): 3
LogDevObjectVersion:   Dev-AnimPhys (29E575DD-E0A3-4627-9D10-D276232CDCEA): 17
LogDevObjectVersion:   Dev-ReflectionCapture (6B266CEC-1EC7-4B8F-A30B-E4D90942FC07): 1
LogDevObjectVersion:   Dev-Automation (0DF73D61-A23F-47EA-B727-89E90C41499A): 1
LogDevObjectVersion:   FortniteMain (601D1886-AC64-4F84-AA16-D3DE0DEAC7D6): 12
LogDevObjectVersion:   Dev-Enterprise (9DFFBCD6-494F-0158-E221-12823C92A888): 1
LogStreaming: Display: Took  0.001s to delete old logs.
LogInit: Presizing for max 8388607 objects, including 0 objects not considered by GC, pre-allocating 0 bytes for permanent pool.
LogInit: Object subsystem initialized
[2018.10.08-22.25.08:749][  0]LogInit: Selected Device Profile: [Windows]
[2018.10.08-22.25.08:749][  0]LogInit: Applying CVar settings loaded from the selected device profile: [Windows]
[2018.10.08-22.25.08:759][  0]LogHAL: Display: Platform has ~ 16 GB [17047072768 / 17179869184 / 16], which maps to Larger [LargestMinGB=32, LargerMinGB=12, DefaultMinGB=8, SmallerMinGB=6, SmallestMinGB=0)
[2018.10.08-22.25.08:759][  0]LogInit: Setting Device Profile CVar: [[r.Vulkan.UseRealUBs:1]]
[2018.10.08-22.25.08:759][  0]LogInit: Going up to parent DeviceProfile []
[2018.10.08-22.25.08:759][  0]LogInit: Computer: eae-d-182
[2018.10.08-22.25.08:759][  0]LogInit: User: u0999989
[2018.10.08-22.25.08:759][  0]LogInit: CPU Page size=4096, Cores=4
[2018.10.08-22.25.08:759][  0]LogInit: High frequency timer resolution =4.101564 MHz
[2018.10.08-22.25.08:759][  0]LogMemory: Memory total: Physical=15.9GB (16GB approx)
[2018.10.08-22.25.08:759][  0]LogMemory: Platform Memory Stats for Windows
[2018.10.08-22.25.08:759][  0]LogMemory: Process Physical Memory: 99.98 MB used, 99.98 MB peak
[2018.10.08-22.25.08:759][  0]LogMemory: Process Virtual Memory: 91.16 MB used, 91.16 MB peak
[2018.10.08-22.25.08:759][  0]LogMemory: Physical Memory: 7369.09 MB used,  8888.26 MB free, 16257.36 MB total
[2018.10.08-22.25.08:759][  0]LogMemory: Virtual Memory: 4640.35 MB used,  8888.26 MB free, 134217728.00 MB total
[2018.10.08-22.25.08:773][  0]LogInit: Using OS detected language (en-US).
[2018.10.08-22.25.08:773][  0]LogInit: Using OS detected locale (en-US).
[2018.10.08-22.25.08:774][  0]LogTextLocalizationManager: No specific localization for 'en-US' exists, so the 'en' localization will be used.
[2018.10.08-22.25.09:047][  0]LogStreaming: Display: Took  0.274s to InitEngineTextLocalization.
[2018.10.08-22.25.09:047][  0]LogInit: Setting process to per monitor DPI aware
[2018.10.08-22.25.09:080][  0]LogSlate: New Slate User Created.  User Index 0, Is Virtual User: 0
[2018.10.08-22.25.09:080][  0]LogSlate: Slate User Registered.  User Index 0, Is Virtual User: 0
[2018.10.08-22.25.09:231][  0]LogHMD: Failed to initialize OpenVR with code 110
[2018.10.08-22.25.09:231][  0]LogD3D11RHI: D3D11 adapters:
[2018.10.08-22.25.09:289][  0]LogD3D11RHI:    0. 'NVIDIA GeForce GTX 1070' (Feature Level 11_0)
[2018.10.08-22.25.09:290][  0]LogD3D11RHI:       8088/0/8128 MB DedicatedVideo/DedicatedSystem/SharedSystem, Outputs:2, VendorId:0x10de
[2018.10.08-22.25.09:299][  0]LogD3D11RHI:    1. 'Intel(R) HD Graphics 630' (Feature Level 11_0)
[2018.10.08-22.25.09:299][  0]LogD3D11RHI:       128/0/8128 MB DedicatedVideo/DedicatedSystem/SharedSystem, Outputs:0, VendorId:0x8086
[2018.10.08-22.25.09:300][  0]LogD3D11RHI:    2. 'Microsoft Basic Render Driver' (Feature Level 11_0)
[2018.10.08-22.25.09:300][  0]LogD3D11RHI:       0/0/8128 MB DedicatedVideo/DedicatedSystem/SharedSystem, Outputs:0, VendorId:0x1414
[2018.10.08-22.25.09:300][  0]LogD3D11RHI: Chosen D3D11 Adapter: 0
[2018.10.08-22.25.09:305][  0]LogD3D11RHI: Creating new Direct3DDevice
[2018.10.08-22.25.09:305][  0]LogD3D11RHI:     GPU DeviceId: 0x1b81 (for the marketing name, search the web for "GPU Device Id")
[2018.10.08-22.25.09:305][  0]LogWindows: EnumDisplayDevices:
[2018.10.08-22.25.09:306][  0]LogWindows:    0. 'NVIDIA GeForce GTX 1070' (P:0 D:1)
[2018.10.08-22.25.09:306][  0]LogWindows:    1. 'NVIDIA GeForce GTX 1070' (P:1 D:1)
[2018.10.08-22.25.09:306][  0]LogWindows:    2. 'NVIDIA GeForce GTX 1070' (P:0 D:0)
[2018.10.08-22.25.09:306][  0]LogWindows:    3. 'NVIDIA GeForce GTX 1070' (P:0 D:0)
[2018.10.08-22.25.09:306][  0]LogWindows:    4. 'Intel(R) HD Graphics 630' (P:0 D:0)
[2018.10.08-22.25.09:306][  0]LogWindows:    5. 'Intel(R) HD Graphics 630' (P:0 D:0)
[2018.10.08-22.25.09:307][  0]LogWindows:    6. 'Intel(R) HD Graphics 630' (P:0 D:0)
[2018.10.08-22.25.09:307][  0]LogWindows: DebugString: PrimaryIsNotTheChoosenAdapter PrimaryIsNotTheChoosenAdapter PrimaryIsNotTheChoosenAdapter FoundDriverCount:4 
[2018.10.08-22.25.09:307][  0]LogD3D11RHI:     Adapter Name: NVIDIA GeForce GTX 1070
[2018.10.08-22.25.09:307][  0]LogD3D11RHI:   Driver Version: 399.07 (internal:24.21.13.9907, unified:399.07)
[2018.10.08-22.25.09:307][  0]LogD3D11RHI:      Driver Date: 8-21-2018
[2018.10.08-22.25.09:307][  0]LogRHI: Texture pool is 5661 MB (70% of 8088 MB)
[2018.10.08-22.25.09:337][  0]LogD3D11RHI: Async texture creation enabled
[2018.10.08-22.25.09:352][  0]LogD3D11RHI: GPU Timing Frequency: 1000.000000 (Debug: 2 2)
[2018.10.08-22.25.09:437][  0]LogShaderCompilers: Guid format shader working directory is -30 characters bigger than the processId version (../../../../../../Users/u0999989/Desktop/Environment Assignment UE4/Enviro_UE4/Intermediate/Shaders/WorkingDirectory/13356/).
[2018.10.08-22.25.09:437][  0]LogShaderCompilers: Cleaned the shader compiler working directory 'C:/Users/u0999989/AppData/Local/Temp/UnrealShaderWorkingDir/AA0595594692043C27FB3EB3FAC500CF/'.
[2018.10.08-22.25.09:661][  0]LogTemp: Display: Loaded TP AllDesktopTargetPlatform
[2018.10.08-22.25.09:672][  0]LogTemp: Display: Loaded TP MacClientTargetPlatform
[2018.10.08-22.25.09:683][  0]LogTemp: Display: Loaded TP MacNoEditorTargetPlatform
[2018.10.08-22.25.09:699][  0]LogTemp: Display: Loaded TP MacServerTargetPlatform
[2018.10.08-22.25.09:711][  0]LogTemp: Display: Loaded TP MacTargetPlatform
[2018.10.08-22.25.09:721][  0]LogTemp: Display: Loaded TP WindowsClientTargetPlatform
[2018.10.08-22.25.09:732][  0]LogTemp: Display: Loaded TP WindowsNoEditorTargetPlatform
[2018.10.08-22.25.09:743][  0]LogTemp: Display: Loaded TP WindowsServerTargetPlatform
[2018.10.08-22.25.09:749][  0]LogTemp: Display: Loaded TP WindowsTargetPlatform
[2018.10.08-22.25.09:818][  0]LogTemp: Display: Loaded TP AndroidTargetPlatform
[2018.10.08-22.25.09:818][  0]LogTemp: Display: Loaded TP AndroidTargetPlatform
[2018.10.08-22.25.09:818][  0]LogTemp: Display: Loaded TP AndroidTargetPlatform
[2018.10.08-22.25.09:818][  0]LogTemp: Display: Loaded TP AndroidTargetPlatform
[2018.10.08-22.25.09:818][  0]LogTemp: Display: Loaded TP AndroidTargetPlatform
[2018.10.08-22.25.09:818][  0]LogTemp: Display: Loaded TP AndroidTargetPlatform
[2018.10.08-22.25.09:818][  0]LogTemp: Display: Loaded TP AndroidTargetPlatform
[2018.10.08-22.25.09:818][  0]LogTemp: Display: Loaded TP AndroidTargetPlatform
[2018.10.08-22.25.09:818][  0]LogTemp: Display: Loaded TP AndroidTargetPlatform
[2018.10.08-22.25.09:818][  0]LogTemp: Display: Loaded TP AndroidTargetPlatform
[2018.10.08-22.25.09:818][  0]LogTemp: Display: Loaded TP AndroidTargetPlatform
[2018.10.08-22.25.09:818][  0]LogTemp: Display: Loaded TP AndroidTargetPlatform
[2018.10.08-22.25.09:818][  0]LogTemp: Display: Loaded TP AndroidTargetPlatform
[2018.10.08-22.25.09:818][  0]LogTemp: Display: Loaded TP AndroidTargetPlatform
[2018.10.08-22.25.09:818][  0]LogTemp: Display: Loaded TP AndroidTargetPlatform
[2018.10.08-22.25.09:818][  0]LogTemp: Display: Loaded TP AndroidTargetPlatform
[2018.10.08-22.25.09:818][  0]LogTemp: Display: Loaded TP AndroidTargetPlatform
[2018.10.08-22.25.09:818][  0]LogTemp: Display: Loaded TP AndroidTargetPlatform
[2018.10.08-22.25.09:819][  0]LogTemp: Display: Loaded TP HTML5TargetPlatform
[2018.10.08-22.25.09:874][  0]LogTemp: Display: Loaded TP IOSTargetPlatform
[2018.10.08-22.25.09:874][  0]LogTemp: Display: Loaded TP IOSTargetPlatform
[2018.10.08-22.25.09:891][  0]LogTemp: Display: Loaded TP TVOSTargetPlatform
[2018.10.08-22.25.09:891][  0]LogTemp: Display: Loaded TP TVOSTargetPlatform
[2018.10.08-22.25.09:900][  0]LogTemp: Display: Loaded TP LinuxClientTargetPlatform
[2018.10.08-22.25.09:910][  0]LogTemp: Display: Loaded TP LinuxNoEditorTargetPlatform
[2018.10.08-22.25.09:919][  0]LogTemp: Display: Loaded TP LinuxServerTargetPlatform
[2018.10.08-22.25.09:929][  0]LogTemp: Display: Loaded TP LinuxTargetPlatform
[2018.10.08-22.25.09:935][  0]LogTemp: Display: Loaded TP LuminTargetPlatform
[2018.10.08-22.25.09:936][  0]LogTargetPlatformManager: Display: Building Assets For Windows
[2018.10.08-22.25.09:982][  0]LogXGEController: Cannot use XGE Controller as Incredibuild is not installed on this machine.
[2018.10.08-22.25.09:982][  0]LogShaderCompilers: Cannot use XGE Shader Compiler as Incredibuild is not installed on this machine.
[2018.10.08-22.25.09:982][  0]LogShaderCompilers: Display: Using Local Shader Compiler.
[2018.10.08-22.25.10:518][  0]LogDerivedDataCache: Display: Max Cache Size: 512 MB
[2018.10.08-22.25.10:559][  0]LogDerivedDataCache: Loaded boot cache 0.04s 71MB C:/Users/u0999989/AppData/Local/UnrealEngine/4.20/DerivedDataCache/Boot.ddc.
[2018.10.08-22.25.10:560][  0]LogDerivedDataCache: Display: Loaded Boot cache: C:/Users/u0999989/AppData/Local/UnrealEngine/4.20/DerivedDataCache/Boot.ddc
[2018.10.08-22.25.10:560][  0]LogDerivedDataCache: FDerivedDataBackendGraph:  Pak pak cache file ../../../../../../Users/u0999989/Desktop/Environment Assignment UE4/Enviro_UE4/DerivedDataCache/DDC.ddp not found, will not use a pak cache.
[2018.10.08-22.25.10:560][  0]LogDerivedDataCache: Unable to find inner node Pak for hierarchical cache Hierarchy.
[2018.10.08-22.25.10:560][  0]LogDerivedDataCache: FDerivedDataBackendGraph:  CompressedPak pak cache file ../../../../../../Users/u0999989/Desktop/Environment Assignment UE4/Enviro_UE4/DerivedDataCache/Compressed.ddp not found, will not use a pak cache.
[2018.10.08-22.25.10:560][  0]LogDerivedDataCache: Unable to find inner node CompressedPak for hierarchical cache Hierarchy.
[2018.10.08-22.25.10:569][  0]LogDerivedDataCache: Display: Pak cache opened for reading ../../../Engine/DerivedDataCache/Compressed.ddp.
[2018.10.08-22.25.10:581][  0]LogDerivedDataCache: Using Local data cache path C:/Users/u0999989/AppData/Local/UnrealEngine/Common/DerivedDataCache: Writable
[2018.10.08-22.25.10:581][  0]LogDerivedDataCache: Shared data cache path not found in *engine.ini, will not use an Shared cache.
[2018.10.08-22.25.10:581][  0]LogDerivedDataCache: Unable to find inner node Shared for hierarchical cache Hierarchy.
[2018.10.08-22.25.10:594][  0]LogMaterial: Verifying Global Shaders for PCD3D_SM5
[2018.10.08-22.25.10:596][  0]LogSlate: Using FreeType 2.6.0
[2018.10.08-22.25.10:596][  0]LogSlate: SlateFontServices - WITH_FREETYPE: 1, WITH_HARFBUZZ: 1
[2018.10.08-22.25.10:655][  0]LogAssetRegistry: FAssetRegistry took 0.0248 seconds to start up
[2018.10.08-22.25.10:888][  0]LogInit: Selected Device Profile: [Windows]
[2018.10.08-22.25.10:927][  0]LogSimplygon: Simplygon DLL not present - disabling.
[2018.10.08-22.25.10:929][  0]LogMeshReduction: Using SimplygonSwarm for distributed automatic mesh merging
[2018.10.08-22.25.10:930][  0]LogMeshReduction: Using ProxyLODMeshReduction for automatic mesh merging
[2018.10.08-22.25.10:930][  0]LogMeshReduction: Using QuadricMeshReduction for automatic static mesh reduction
[2018.10.08-22.25.10:930][  0]LogMeshReduction: No automatic skeletal mesh reduction module available
[2018.10.08-22.25.11:001][  0]LogNetVersion: Enviro_UE4 1.0.0, NetCL: 4212847, EngineNetVer: 5, GameNetVer: 0 (Checksum: 1469378164)
[2018.10.08-22.25.11:369][  0]LogPackageLocalizationCache: Processed 11 localized package path(s) for 2 prioritized culture(s) in 0.075763 seconds
[2018.10.08-22.25.11:375][  0]LogUObjectArray: 38425 objects as part of root set at end of initial load.
[2018.10.08-22.25.11:375][  0]LogUObjectAllocator: 6690872 out of 0 bytes used by permanent object pool.
[2018.10.08-22.25.11:375][  0]LogUObjectArray: CloseDisregardForGC: 0/0 objects in disregard for GC pool
[2018.10.08-22.25.12:001][  0]LogTcpMessaging: Initializing TcpMessaging bridge
[2018.10.08-22.25.12:013][  0]LogUdpMessaging: Initializing bridge on interface 0.0.0.0:0 to multicast group 230.0.0.1:6666.
[2018.10.08-22.25.12:132][  0]SourceControl: Source control is disabled
[2018.10.08-22.25.12:132][  0]SourceControl: Source control is disabled
[2018.10.08-22.25.12:133][  0]SourceControl: Source control is disabled
[2018.10.08-22.25.12:134][  0]SourceControl: Source control is disabled
[2018.10.08-22.25.12:276][  0]LogAndroidPermission: UAndroidPermissionCallbackProxy::GetInstance
[2018.10.08-22.25.12:355][  0]LogOcInput: OculusInput pre-init called
[2018.10.08-22.25.12:403][  0]LogEngine: Initializing Engine...
[2018.10.08-22.25.12:403][  0]LogHMD: Failed to initialize OpenVR with code 110
[2018.10.08-22.25.12:404][  0]LogStats: UGameplayTagsManager::ConstructGameplayTagTree: ImportINI prefixes -  0.000 s
[2018.10.08-22.25.12:404][  0]LogStats: UGameplayTagsManager::ConstructGameplayTagTree: Construct from data asset -  0.000 s
[2018.10.08-22.25.12:404][  0]LogStats: UGameplayTagsManager::ConstructGameplayTagTree: ImportINI -  0.000 s
[2018.10.08-22.25.12:404][  0]LogStats: UGameplayTagsManager::ConstructGameplayTagTree: GameplayTagTreeChangedEvent.Broadcast -  0.000 s
[2018.10.08-22.25.12:568][  0]LogInit: Initializing FReadOnlyCVARCache
[2018.10.08-22.25.12:579][  0]LogAIModule: Creating AISystem for world Untitled
[2018.10.08-22.25.12:620][  0]LogInit: XAudio2 using 'Speakers (Realtek High Definition Audio)' : 2 channels at 48 kHz using 32 bits per sample (channel mask 0x3)
[2018.10.08-22.25.12:634][  0]LogInit: FAudioDevice initialized.
[2018.10.08-22.25.12:635][  0]LogNetVersion: Set ProjectVersion to 1.0.0.0. Version Checksum will be recalculated on next use.
[2018.10.08-22.25.12:689][  0]LogDerivedDataCache: Saved boot cache 0.05s 71MB C:/Users/u0999989/AppData/Local/UnrealEngine/4.20/DerivedDataCache/Boot.ddc.
[2018.10.08-22.25.12:701][  0]LogInit: Texture streaming: Enabled
[2018.10.08-22.25.12:714][  0]LogEngineSessionManager: EngineSessionManager initialized
[2018.10.08-22.25.12:723][  0]LogInit: Transaction tracking system initialized
[2018.10.08-22.25.12:741][  0]BlueprintLog: New page: Editor Load
[2018.10.08-22.25.12:803][  0]LocalizationService: Localization service is disabled
[2018.10.08-22.25.12:995][  0]LogCook: Display: Max memory allowance for cook 16384mb min free memory 0mb
[2018.10.08-22.25.12:995][  0]LogCook: Display: Mobile HDR setting 1
[2018.10.08-22.25.12:995][  0]LogGameplayTags: Display: UGameplayTagsManager::DoneAddingNativeTags. DelegateIsBound: 0
[2018.10.08-22.25.12:995][  0]LogStats: UGameplayTagsManager::ConstructGameplayTagTree: ImportINI prefixes -  0.000 s
[2018.10.08-22.25.12:995][  0]LogStats: UGameplayTagsManager::ConstructGameplayTagTree: Construct from data asset -  0.000 s
[2018.10.08-22.25.12:995][  0]LogStats: UGameplayTagsManager::ConstructGameplayTagTree: ImportINI -  0.000 s
[2018.10.08-22.25.12:995][  0]LogStats: UGameplayTagsManager::ConstructGameplayTagTree: GameplayTagTreeChangedEvent.Broadcast -  0.000 s
[2018.10.08-22.25.13:096][  0]LogFileCache: Scanning file cache for directory 'C:/Users/u0999989/Desktop/Environment Assignment UE4/Enviro_UE4/Content/' took 0.01s
[2018.10.08-22.25.13:096][  0]SourceControl: Source control is disabled
[2018.10.08-22.25.13:096][  0]Cmd: MAP LOAD FILE="../../../../../../Users/u0999989/Desktop/Environment Assignment UE4/Enviro_UE4/Content/FirstPersonBP/Maps/FirstPersonExampleMap.umap" TEMPLATE=0 SHOWPROGRESS=1 FEATURELEVEL=3
[2018.10.08-22.25.13:097][  0]LightingResults: New page: Lighting Build
[2018.10.08-22.25.13:099][  0]MapCheck: New page: Map Check
[2018.10.08-22.25.13:099][  0]LightingResults: New page: Lighting Build
[2018.10.08-22.25.13:459][  0]LogAIModule: Creating AISystem for world FirstPersonExampleMap
[2018.10.08-22.25.13:469][  0]LogEditorServer: Finished looking for orphan Actors (0.000 secs)
[2018.10.08-22.25.13:487][  0]Cmd: MAP CHECKDEP NOCLEARLOG
[2018.10.08-22.25.13:545][  0]MapCheck: Map check complete: 0 Error(s), 0 Warning(s), took 57.684ms to complete.
[2018.10.08-22.25.13:545][  0]LogFileHelpers: Loading map 'FirstPersonExampleMap' took 0.449
[2018.10.08-22.25.13:640][  0]LogSlate: Updating window title bar state: overlay mode, drag disabled, window buttons hidden, title bar hidden
[2018.10.08-22.25.13:646][  0]LogSlate: Updating window title bar state: overlay mode, drag disabled, window buttons hidden, title bar hidden
[2018.10.08-22.25.13:651][  0]LogSlate: Updating window title bar state: overlay mode, drag disabled, window buttons hidden, title bar hidden
[2018.10.08-22.25.13:656][  0]LogSlate: Updating window title bar state: overlay mode, drag disabled, window buttons hidden, title bar hidden
[2018.10.08-22.25.13:661][  0]LogCollectionManager: Loaded 0 collections in 0.001520 seconds
[2018.10.08-22.25.13:702][  0]LogFileCache: Scanning file cache for directory 'C:/Users/u0999989/Desktop/Environment Assignment UE4/Enviro_UE4/Saved/Collections/' took 0.01s
[2018.10.08-22.25.13:702][  0]LogFileCache: Scanning file cache for directory 'C:/Users/u0999989/Desktop/Environment Assignment UE4/Enviro_UE4/Content/Developers/u0999989/Collections/' took 0.01s
[2018.10.08-22.25.13:702][  0]LogFileCache: Scanning file cache for directory 'C:/Users/u0999989/Desktop/Environment Assignment UE4/Enviro_UE4/Content/Collections/' took 0.01s
[2018.10.08-22.25.13:702][  0]LogCollectionManager: Rebuilt the GUID cache for 0 collections in 0.000000 seconds
[2018.10.08-22.25.13:709][  0]LogContentBrowser: Native class hierarchy populated in 0.0067 seconds. Added 2572 classes and 603 folders.
[2018.10.08-22.25.13:714][  0]LogContentBrowser: Native class hierarchy updated for 'WidgetCarousel' in 0.0002 seconds. Added 0 classes and 0 folders.
[2018.10.08-22.25.13:749][  0]LogContentBrowser: Native class hierarchy updated for 'AddContentDialog' in 0.0002 seconds. Added 0 classes and 0 folders.
[2018.10.08-22.25.13:753][  0]LogContentBrowser: Native class hierarchy updated for 'SceneOutliner' in 0.0002 seconds. Added 1 classes and 2 folders.
[2018.10.08-22.25.13:809][  0]LogSlate: Took 0.000198 seconds to synchronously load lazily loaded font '../../../Engine/Content/Slate/Fonts/Roboto-Regular.ttf' (155K)
[2018.10.08-22.25.13:811][  0]LogSlate: Took 0.000156 seconds to synchronously load lazily loaded font '../../../Engine/Content/Slate/Fonts/Roboto-Bold.ttf' (160K)
[2018.10.08-22.25.13:815][  0]LogSlate: Took 0.000226 seconds to synchronously load lazily loaded font '../../../Engine/Content/Editor/Slate/Fonts/FontAwesome.ttf' (139K)
[2018.10.08-22.25.13:873][  0]LogRenderer: Reallocating scene render targets to support 1208x576 Format 10 NumSamples 1 (Frame:1).
[2018.10.08-22.25.13:980][  0]LogContentBrowser: Native class hierarchy updated for 'HierarchicalLODOutliner' in 0.0002 seconds. Added 0 classes and 0 folders.
[2018.10.08-22.25.13:980][  0]LogLoad: (Engine Initialization) Total time: 6.71 seconds
[2018.10.08-22.25.13:980][  0]LogLoad: (Engine Initialization) Total Blueprint compile time: 0.00 seconds
[2018.10.08-22.25.13:990][  0]LogWindowsTextInputMethodSystem: Display: IME system now deactivated.
[2018.10.08-22.25.14:008][  0]LogAssetRegistry: Asset discovery search completed in 3.3750 seconds
[2018.10.08-22.25.14:009][  0]LogCollectionManager: Rebuilt the object cache for 0 collections in 0.000000 seconds (found 0 objects)
[2018.10.08-22.25.14:009][  0]LogCollectionManager: Fixed up redirectors for 0 collections in 0.000037 seconds (updated 0 objects)
[2018.10.08-22.25.14:010][  0]LogContentStreaming: Texture pool size now 3000 MB
[2018.10.08-22.25.21:603][899]LogSlate: FSceneViewport::OnFocusLost() reason 2
[2018.10.08-22.25.22:905][ 54]LogSlate: FSceneViewport::OnFocusLost() reason 2
[2018.10.08-22.25.25:060][309]Cmd: MAP LOAD FILE="../../../../../../Users/u0999989/Desktop/Environment Assignment UE4/Enviro_UE4/Content/Maps/NewMap.umap" TEMPLATE=0 SHOWPROGRESS=1 FEATURELEVEL=3
[2018.10.08-22.25.25:066][309]LogSlate: Took 0.000129 seconds to synchronously load lazily loaded font '../../../Engine/Content/Slate/Fonts/Roboto-Light.ttf' (167K)
[2018.10.08-22.25.25:075][309]LightingResults: New page: Lighting Build
[2018.10.08-22.25.25:076][309]LoadErrors: New page: Loading map: NewMap.umap
[2018.10.08-22.25.25:078][309]MapCheck: New page: Map Check
[2018.10.08-22.25.25:078][309]LightingResults: New page: Lighting Build
[2018.10.08-22.25.25:149][309]LogAIModule: Creating AISystem for world NewMap
[2018.10.08-22.25.25:196][309]LogEditorServer: Finished looking for orphan Actors (0.000 secs)
[2018.10.08-22.25.25:234][309]Cmd: MAP CHECKDEP NOCLEARLOG
[2018.10.08-22.25.25:298][309]MapCheck: Map check complete: 0 Error(s), 0 Warning(s), took 62.9ms to complete.
[2018.10.08-22.25.25:298][309]LogFileHelpers: Loading map 'NewMap' took 0.239
[2018.10.08-22.25.25:299][309]LogSlate: Window 'Open Level' being destroyed
[2018.10.08-22.25.29:733][836]LogSlate: FSceneViewport::OnFocusLost() reason 0
[2018.10.08-22.25.39:903][ 50]Cmd: EDIT COPY
[2018.10.08-22.25.40:571][130]Cmd: EDIT PASTE
[2018.10.08-22.25.46:146][793]Cmd: EDIT COPY
[2018.10.08-22.25.46:413][825]Cmd: EDIT PASTE
[2018.10.08-22.25.52:089][500]LogSlate: FSceneViewport::OnFocusLost() reason 0
[2018.10.08-22.25.55:189][870]Cmd: EDIT COPY
[2018.10.08-22.25.55:497][907]Cmd: EDIT PASTE
[2018.10.08-22.26.03:037][802]LogEditorViewport: Clicking on Actor (LMB): BP_Sky_Sphere_C (Sky Sphere)
[2018.10.08-22.26.13:176][  3]LogSlate: FSceneViewport::OnFocusLost() reason 2
[2018.10.08-22.26.16:031][331]MapCheck: New page: Map Check
[2018.10.08-22.26.16:045][331]Cmd: MAP REBUILD ALLVISIBLE
[2018.10.08-22.26.16:045][331]LogEditorServer: Rebuildmap Clear paths rebuilt
[2018.10.08-22.26.16:121][331]LogMaterial: Display: Missing cached shader map for material FDebugViewModeMaterialProxy DefaultMaterial, compiling. 
[2018.10.08-22.26.16:126][331]LogMaterial: Display: Missing cached shader map for material FDebugViewModeMaterialProxy MaterialInstanceDynamic_0, compiling. 
[2018.10.08-22.26.16:131][331]LogShaderCompilers: Display: Shaders left to compile 2
[2018.10.08-22.26.16:131][331]LogShaderCompilers: Display: Shaders left to compile 1
[2018.10.08-22.26.16:131][331]LogMaterial: Display: Missing cached shader map for material FDebugViewModeMaterialProxy 01_-_Default, compiling. 
[2018.10.08-22.26.16:136][331]LogMaterial: Display: Missing cached shader map for material FDebugViewModeMaterialProxy 03_-_Default, compiling. 
[2018.10.08-22.26.16:141][331]LogMaterial: Display: Missing cached shader map for material FDebugViewModeMaterialProxy 02_-_Default, compiling. 
[2018.10.08-22.26.16:145][331]LogMaterial: Display: Missing cached shader map for material FDebugViewModeMaterialProxy 04_-_Default, compiling. 
[2018.10.08-22.26.16:686][331]LogShaderCompilers: Display: Shaders left to compile 4
[2018.10.08-22.26.16:687][331]LogShaderCompilers: Display: Shaders left to compile 3
[2018.10.08-22.26.16:687][331]LogShaderCompilers: Display: Shaders left to compile 2
[2018.10.08-22.26.16:687][331]LogShaderCompilers: Display: Shaders left to compile 1
[2018.10.08-22.26.16:687][331]TextureStreamingBuild: Display: Compiling optional shaders took 0.569 seconds.
[2018.10.08-22.26.16:690][331]LogLevel: Display: Export Material TexCoord Scales took 0.003 seconds.
[2018.10.08-22.26.16:699][331]TextureStreamingBuild: Display: Build Texture Streaming took 0.009 seconds.
[2018.10.08-22.26.16:716][331]LightingResults: New page: Lighting Build - Oct 8, 2018, 10:26:16 AM
[2018.10.08-22.26.16:740][331]LogSwarmInterface: [OpenConnection] Registering TCP channel ...
[2018.10.08-22.26.16:827][331]LogSwarmInterface: [OpenConnection] Connecting to agent ...
[2018.10.08-22.26.16:836][331]LogSwarmInterface: [TryOpenConnection] Testing the Agent
[2018.10.08-22.26.17:343][331]LogSwarmInterface: [TryOpenConnection] Opening Connection to Agent
[2018.10.08-22.26.17:344][331]LogSwarmInterface: [TryOpenConnection] Local Process ID is 13356
[2018.10.08-22.26.19:781][331]LogStaticLightingSystem: Warning: No importance volume found, so the scene bounding box was used.  You can optimize your scene's quality and lighting build times by adding importance volumes.
[2018.10.08-22.26.19:781][331]LogStaticLightingSystem: Running Lightmass w/ ImmediateImport mode ENABLED
[2018.10.08-22.26.19:781][331]LogStaticLightingSystem: Running Lightmass w/ ImmediateProcess mode ENABLED
[2018.10.08-22.26.19:781][331]LogStaticLightingSystem: Running Lightmass w/ Sorting mode ENABLED
[2018.10.08-22.26.19:781][331]LogStaticLightingSystem: Running Lightmass w/ Mapping paddings ENABLED
[2018.10.08-22.26.19:781][331]LogStaticLightingSystem: Running Lightmass w/ Mapping debug paddings DISABLED
[2018.10.08-22.26.19:891][331]Cmd: MAP CHECK DONTDISPLAYDIALOG
[2018.10.08-22.26.19:891][331]MapCheck: New page: NewMap - Oct 8, 2018, 10:26:19 AM
[2018.10.08-22.26.19:892][331]MapCheck: Error: WorldSettings_1 Maps need lighting rebuilt 
[2018.10.08-22.26.19:957][331]MapCheck: Map check complete: 1 Error(s), 0 Warning(s), took 65.176ms to complete.
[2018.10.08-22.26.19:979][331]LogEditorBuildUtils: Build time 0:03
[2018.10.08-22.26.19:987][331]LogSlate: FSceneViewport::OnFocusLost() reason 2
[2018.10.08-22.26.21:195][410]LightingResults: Warning: Blockout_01_radio Object has overlapping UVs.
[2018.10.08-22.26.21:195][410]LightingResults: Blockout_01_radio Lightmap UV are overlapping by 75.0%. Please adjust content - Enable Error Coloring to visualize.
[2018.10.08-22.26.21:195][410]LightingResults: Warning: Blockout_01_ceiling_lights Object has wrapping UVs.
[2018.10.08-22.26.21:195][410]LightingResults: Warning: Blockout_01_ceiling_lights Object has overlapping UVs.
[2018.10.08-22.26.21:195][410]LightingResults: Blockout_01_ceiling_lights Lightmap UV are overlapping by 83.3%. Please adjust content - Enable Error Coloring to visualize.
[2018.10.08-22.26.21:195][410]LightingResults: Warning: Blockout_01_door_handle_1 Object has wrapping UVs.
[2018.10.08-22.26.21:195][410]LightingResults: Warning: Blockout_01_door_handle_1 Object has overlapping UVs.
[2018.10.08-22.26.21:195][410]LightingResults: Blockout_01_door_handle_1 Lightmap UV are overlapping by 50.0%. Please adjust content - Enable Error Coloring to visualize.
[2018.10.08-22.26.21:217][412]LightingResults: Warning: Blockout_01_door Object has wrapping UVs.
[2018.10.08-22.26.21:217][412]LightingResults: Warning: Blockout_01_door Object has overlapping UVs.
[2018.10.08-22.26.21:217][412]LightingResults: Blockout_01_door Lightmap UV are overlapping by 75.0%. Please adjust content - Enable Error Coloring to visualize.
[2018.10.08-22.26.21:260][416]LightingResults: Warning: Blockout_01_door_cynlindrical_handle Object has wrapping UVs.
[2018.10.08-22.26.21:260][416]LightingResults: Warning: Blockout_01_door_cynlindrical_handle Object has overlapping UVs.
[2018.10.08-22.26.21:260][416]LightingResults: Blockout_01_door_cynlindrical_handle Lightmap UV are overlapping by 50.0%. Please adjust content - Enable Error Coloring to visualize.
[2018.10.08-22.26.21:381][427]LightingResults: Warning: Blockout_01_ceiling_railings Object has overlapping UVs.
[2018.10.08-22.26.21:381][427]LightingResults: Blockout_01_ceiling_railings Lightmap UV are overlapping by 92.0%. Please adjust content - Enable Error Coloring to visualize.
[2018.10.08-22.26.21:425][431]LightingResults: Warning: Blockout_01_door_handle_2 Object has wrapping UVs.
[2018.10.08-22.26.21:425][431]LightingResults: Warning: Blockout_01_door_handle_2 Object has overlapping UVs.
[2018.10.08-22.26.21:425][431]LightingResults: Blockout_01_door_handle_2 Lightmap UV are overlapping by 50.0%. Please adjust content - Enable Error Coloring to visualize.
[2018.10.08-22.26.21:436][432]LightingResults: Warning: Blockout_01_main_corner Object has wrapping UVs.
[2018.10.08-22.26.21:796][465]LightingResults: Warning: Blockout_01_door_handle_central Object has wrapping UVs.
[2018.10.08-22.26.21:972][478]LightingResults: Warning: Blockout_01_tube_2 Object has wrapping UVs.
[2018.10.08-22.26.21:983][479]LightingResults: Warning: Blockout_01_lockers Object has overlapping UVs.
[2018.10.08-22.26.21:983][479]LightingResults: Blockout_01_lockers Lightmap UV are overlapping by 75.0%. Please adjust content - Enable Error Coloring to visualize.
[2018.10.08-22.26.22:191][498]LightingResults: Warning: Blockout_01_tube_1 Object has wrapping UVs.
[2018.10.08-22.26.22:262][504]Job is a success!
[2018.10.08-22.26.22:308][506]LogVolumetricLightmapImport: Imported Volumetric Lightmap in 0.006s
[2018.10.08-22.26.22:308][506]LogVolumetricLightmapImport:      Indirection Texture 16x16x16 = 0.0Mb
[2018.10.08-22.26.22:308][506]LogVolumetricLightmapImport:      BrickData 55x5x5 = 0.0Mb (trimmed 0.0Mb due to 0.010000 MinBrickError)
[2018.10.08-22.26.22:308][506]LogVolumetricLightmapImport:      Bricks at Level
[2018.10.08-22.26.22:308][506]LogVolumetricLightmapImport:          0: 9.1% covering 100.0% of volume
[2018.10.08-22.26.22:308][506]LogVolumetricLightmapImport:          1: 9.1% covering 1.6% of volume
[2018.10.08-22.26.22:308][506]LogVolumetricLightmapImport:          2: 81.8% covering 0.2% of volume
[2018.10.08-22.26.22:315][506]LogMaterial: Warning: Material /Game/FirstPersonBP/Blockout_mesh/Materials/04_-_Default.04_-_Default needed to have new flag set bUsedWithStaticLighting !
[2018.10.08-22.26.22:317][506]LogMaterial: Display: Missing cached shader map for material 04_-_Default, compiling. 
[2018.10.08-22.26.22:364][506]LogMaterial: Warning: Material /Game/FirstPersonBP/Blockout_mesh/Materials/01_-_Default.01_-_Default needed to have new flag set bUsedWithStaticLighting !
[2018.10.08-22.26.22:365][506]LogMaterial: Display: Missing cached shader map for material 01_-_Default, compiling. 
[2018.10.08-22.26.22:377][506]LogShaderCompilers: Display: Shaders left to compile 31
[2018.10.08-22.26.22:377][506]LogShaderCompilers: Display: Shaders left to compile 21
[2018.10.08-22.26.22:377][506]LogShaderCompilers: Display: Shaders left to compile 11
[2018.10.08-22.26.22:377][506]LogShaderCompilers: Display: Shaders left to compile 1
[2018.10.08-22.26.22:378][506]LogMaterial: Warning: Material /Game/FirstPersonBP/Blockout_mesh/Materials/02_-_Default.02_-_Default needed to have new flag set bUsedWithStaticLighting !
[2018.10.08-22.26.22:379][506]LogMaterial: Display: Missing cached shader map for material 02_-_Default, compiling. 
[2018.10.08-22.26.22:398][506]LogMaterial: Warning: Material /Game/FirstPersonBP/Blockout_mesh/Materials/03_-_Default.03_-_Default needed to have new flag set bUsedWithStaticLighting !
[2018.10.08-22.26.22:399][506]LogMaterial: Display: Missing cached shader map for material 03_-_Default, compiling. 
[2018.10.08-22.26.22:529][506]LogTexture: Display: Building textures: HQ_Lightmap0_1 (AutoDXT, 512X512)
[2018.10.08-22.26.22:529][506]LogTexture: Display: Building textures: LQ_Lightmap_0_1 (DXT1, 512X512)
[2018.10.08-22.26.22:529][506]LogTexture: Display: Building textures: HQ_Lightmap0_2 (AutoDXT, 64X64)
[2018.10.08-22.26.22:529][506]LogTexture: Display: Building textures: LQ_Lightmap_0_2 (DXT1, 64X64)
[2018.10.08-22.26.22:558][506]LogShaderCompilers: Display: Shaders left to compile 93
[2018.10.08-22.26.22:558][506]Lightmass on eae-d-182: 2.11 sec total, 122 ms importing, 14 ms setup, 406 ms photons, 1.54 sec processing, 0 ms extra exporting [15/15 mappings]. Threads: 10.6 sec total, 4.77 sec processing.
[2018.10.08-22.26.22:592][506]LogStaticLightingSystem: Illumination: 5.86 sec (104 ms encoding lightmaps, 0 ms encoding shadowmaps)
[2018.10.08-22.26.22:592][506]LogStaticLightingSystem: Lightmap texture memory:  0.5 MB (0.5 MB streaming, 0.0 MB non-streaming), 4 textures
[2018.10.08-22.26.22:592][506]LogStaticLightingSystem: Shadowmap texture memory: 0.0 MB (0.0 MB streaming, 0.0 MB non-streaming), 0 textures
[2018.10.08-22.26.22:786][506]DumpUnbuiltLightIteractions
[2018.10.08-22.26.22:786][506]Lights with unbuilt interactions: 0
[2018.10.08-22.26.22:786][506]
[2018.10.08-22.26.22:786][506]Primitives with unbuilt interactions: 0
[2018.10.08-22.26.22:795][506]LogSlate: FSceneViewport::OnFocusLost() reason 2
[2018.10.08-22.26.28:930][506]LogShaderCompilers: Display: Shaders left to compile 83
[2018.10.08-22.26.28:930][506]LogShaderCompilers: Display: Shaders left to compile 73
[2018.10.08-22.26.28:930][506]LogShaderCompilers: Display: Shaders left to compile 63
[2018.10.08-22.26.28:930][506]LogShaderCompilers: Display: Shaders left to compile 53
[2018.10.08-22.26.28:930][506]LogShaderCompilers: Display: Shaders left to compile 43
[2018.10.08-22.26.28:930][506]LogShaderCompilers: Display: Shaders left to compile 33
[2018.10.08-22.26.28:930][506]LogShaderCompilers: Display: Shaders left to compile 23
[2018.10.08-22.26.28:930][506]LogShaderCompilers: Display: Shaders left to compile 13
[2018.10.08-22.26.28:930][506]LogShaderCompilers: Display: Shaders left to compile 3
[2018.10.08-22.26.28:975][507]Cmd: MAP CHECK NOTIFYRESULTS
[2018.10.08-22.26.28:975][507]MapCheck: New page: NewMap - Oct 8, 2018, 10:26:28 AM
[2018.10.08-22.26.29:039][507]MapCheck: Map check complete: 0 Error(s), 0 Warning(s), took 64.356ms to complete.
[2018.10.08-22.26.29:042][507]LogSlate: FSceneViewport::OnFocusLost() reason 0
[2018.10.08-22.26.29:042][507]LogSlate: Window 'Message Log' being destroyed
[2018.10.08-22.26.29:046][507]LogSlate: Window 'Message Log' being destroyed
[2018.10.08-22.26.37:655][538]LogEditorViewport: Clicking on Actor (LMB): BP_Sky_Sphere_C (Sky Sphere)
[2018.10.08-22.26.42:038][ 62]LogEditorViewport: Clicking on Actor (LMB): BP_Sky_Sphere_C (Sky Sphere)
[2018.10.08-22.26.44:471][352]LogSlate: FSceneViewport::OnFocusLost() reason 0
[2018.10.08-22.35.32:058][979]LogSavePackage: Moving '../../../../../../Users/u0999989/Desktop/Environment Assignment UE4/Enviro_UE4/Saved/NewMap_Auto175EBE5C3426DC434149DDC89BBFD1EC3.tmp' to '../../../../../../Users/u0999989/Desktop/Environment Assignment UE4/Enviro_UE4/Saved/Autosaves/Game/Maps/NewMap_Auto1.umap'
[2018.10.08-22.35.32:061][979]LogFileHelpers: Editor autosave (incl. sublevels) for '/Game/Maps/NewMap' took 0.058
[2018.10.08-22.35.32:061][979]LogFileHelpers: Editor autosave (incl. sublevels) for all levels took 0.058
[2018.10.08-22.35.32:062][979]OBJ SavePackage: Generating thumbnails for [0] asset(s) in package [/Game/Maps/NewMap_BuiltData] ([1] browsable assets)...
[2018.10.08-22.35.32:062][979]OBJ SavePackage: Finished generating thumbnails for package [/Game/Maps/NewMap_BuiltData]
[2018.10.08-22.35.32:075][979]LogSavePackage: Moving '../../../../../../Users/u0999989/Desktop/Environment Assignment UE4/Enviro_UE4/Saved/NewMap_BuiltData_Auto1EB2DF1C94A14F088F1C79B897B58ED06.tmp' to '../../../../../../Users/u0999989/Desktop/Environment Assignment UE4/Enviro_UE4/Saved/Autosaves/Game/Maps/NewMap_BuiltData_Auto1.uasset'
[2018.10.08-22.35.32:076][979]OBJ SavePackage: Generating thumbnails for [1] asset(s) in package [/Game/FirstPersonBP/Blockout_mesh/Materials/01_-_Default] ([1] browsable assets)...
[2018.10.08-22.35.32:106][979]OBJ SavePackage:     Rendered thumbnail for [Material /Game/FirstPersonBP/Blockout_mesh/Materials/01_-_Default.01_-_Default]
[2018.10.08-22.35.32:106][979]OBJ SavePackage: Finished generating thumbnails for package [/Game/FirstPersonBP/Blockout_mesh/Materials/01_-_Default]
[2018.10.08-22.35.32:125][979]LogSavePackage: Moving '../../../../../../Users/u0999989/Desktop/Environment Assignment UE4/Enviro_UE4/Saved/01_-_Default_Auto1C30398E44703EF46D3B77185131310D0.tmp' to '../../../../../../Users/u0999989/Desktop/Environment Assignment UE4/Enviro_UE4/Saved/Autosaves/Game/FirstPersonBP/Blockout_mesh/Materials/01_-_Default_Auto1.uasset'
[2018.10.08-22.35.32:126][979]OBJ SavePackage: Generating thumbnails for [1] asset(s) in package [/Game/FirstPersonBP/Blockout_mesh/Materials/03_-_Default] ([1] browsable assets)...
[2018.10.08-22.35.32:139][979]OBJ SavePackage:     Rendered thumbnail for [Material /Game/FirstPersonBP/Blockout_mesh/Materials/03_-_Default.03_-_Default]
[2018.10.08-22.35.32:139][979]OBJ SavePackage: Finished generating thumbnails for package [/Game/FirstPersonBP/Blockout_mesh/Materials/03_-_Default]
[2018.10.08-22.35.32:160][979]LogSavePackage: Moving '../../../../../../Users/u0999989/Desktop/Environment Assignment UE4/Enviro_UE4/Saved/03_-_Default_Auto1A8DDECD3479893FD9A57FFA68E2DA9D6.tmp' to '../../../../../../Users/u0999989/Desktop/Environment Assignment UE4/Enviro_UE4/Saved/Autosaves/Game/FirstPersonBP/Blockout_mesh/Materials/03_-_Default_Auto1.uasset'
[2018.10.08-22.35.32:162][979]OBJ SavePackage: Generating thumbnails for [1] asset(s) in package [/Game/FirstPersonBP/Blockout_mesh/Materials/02_-_Default] ([1] browsable assets)...
[2018.10.08-22.35.32:175][979]OBJ SavePackage:     Rendered thumbnail for [Material /Game/FirstPersonBP/Blockout_mesh/Materials/02_-_Default.02_-_Default]
[2018.10.08-22.35.32:175][979]OBJ SavePackage: Finished generating thumbnails for package [/Game/FirstPersonBP/Blockout_mesh/Materials/02_-_Default]
[2018.10.08-22.35.32:192][979]LogSavePackage: Moving '../../../../../../Users/u0999989/Desktop/Environment Assignment UE4/Enviro_UE4/Saved/02_-_Default_Auto12FAFADF547424AE6DBFFDFA11C17443D.tmp' to '../../../../../../Users/u0999989/Desktop/Environment Assignment UE4/Enviro_UE4/Saved/Autosaves/Game/FirstPersonBP/Blockout_mesh/Materials/02_-_Default_Auto1.uasset'
[2018.10.08-22.35.32:193][979]OBJ SavePackage: Generating thumbnails for [1] asset(s) in package [/Game/FirstPersonBP/Blockout_mesh/Materials/04_-_Default] ([1] browsable assets)...
[2018.10.08-22.35.32:207][979]OBJ SavePackage:     Rendered thumbnail for [Material /Game/FirstPersonBP/Blockout_mesh/Materials/04_-_Default.04_-_Default]
[2018.10.08-22.35.32:207][979]OBJ SavePackage: Finished generating thumbnails for package [/Game/FirstPersonBP/Blockout_mesh/Materials/04_-_Default]
[2018.10.08-22.35.32:225][979]LogSavePackage: Moving '../../../../../../Users/u0999989/Desktop/Environment Assignment UE4/Enviro_UE4/Saved/04_-_Default_Auto1727A7B4C47F47A86E9E6A28C730A8CA2.tmp' to '../../../../../../Users/u0999989/Desktop/Environment Assignment UE4/Enviro_UE4/Saved/Autosaves/Game/FirstPersonBP/Blockout_mesh/Materials/04_-_Default_Auto1.uasset'
[2018.10.08-22.35.32:225][979]LogFileHelpers: Auto-saving content packages took 0.164
[2018.10.08-22.41.05:403][841]LogSlate: FSceneViewport::OnFocusLost() reason 0
[2018.10.08-23.09.09:228][972]LogEditorViewport: Clicking on Actor (LMB): BP_Sky_Sphere_C (Sky Sphere)
[2018.10.08-23.09.10:996][182]LogSlate: FSceneViewport::OnFocusLost() reason 0
[2018.10.08-23.09.12:080][190]LogSlate: Window 'Save Content' being destroyed
[2018.10.08-23.09.12:131][190]LogSlate: Window 'Enviro_UE4 - Unreal Editor' being destroyed
[2018.10.08-23.09.12:328][191]Cmd: QUIT_EDITOR
[2018.10.08-23.09.12:341][191]LogWindowsTextInputMethodSystem: Display: IME system now deactivated.
[2018.10.08-23.09.12:349][191]LogExit: Preparing to exit.
[2018.10.08-23.09.13:297][191]LogExit: Editor shut down
[2018.10.08-23.09.13:298][191]LogExit: Transaction tracking system shut down
[2018.10.08-23.09.13:537][191]LogExit: Object subsystem successfully closed.
[2018.10.08-23.09.13:547][191]LogShaderCompilers: Display: Shaders left to compile 0
[2018.10.08-23.09.13:549][191]LogD3D11RHI: Shutdown
[2018.10.08-23.09.13:549][191]LogD3D11RHI: CleanupD3DDevice
[2018.10.08-23.09.13:550][191]LogD3D11RHI: ~FD3D11DynamicRHI
[2018.10.08-23.09.13:566][191]LogModuleManager: Shutting down and abandoning module HierarchicalLODUtilities (612)
[2018.10.08-23.09.13:566][191]LogModuleManager: Shutting down and abandoning module HierarchicalLODOutliner (610)
[2018.10.08-23.09.13:566][191]LogModuleManager: Shutting down and abandoning module SceneOutliner (608)
[2018.10.08-23.09.13:566][191]LogModuleManager: Shutting down and abandoning module AddContentDialog (606)
[2018.10.08-23.09.13:567][191]LogModuleManager: Shutting down and abandoning module WidgetCarousel (605)
[2018.10.08-23.09.13:567][191]LogModuleManager: Shutting down and abandoning module EditorWidgets (602)
[2018.10.08-23.09.13:567][191]LogModuleManager: Shutting down and abandoning module CollectionManager (600)
[2018.10.08-23.09.13:567][191]LogModuleManager: Shutting down and abandoning module StatsViewer (598)
[2018.10.08-23.09.13:567][191]LogModuleManager: Shutting down and abandoning module FoliageEdit (596)
[2018.10.08-23.09.13:567][191]LogModuleManager: Shutting down and abandoning module LandscapeEditor (594)
[2018.10.08-23.09.13:567][191]LogModuleManager: Shutting down and abandoning module MeshPaintMode (592)
[2018.10.08-23.09.13:567][191]LogModuleManager: Shutting down and abandoning module SceneDepthPickerMode (590)
[2018.10.08-23.09.13:567][191]LogModuleManager: Shutting down and abandoning module ActorPickerMode (588)
[2018.10.08-23.09.13:567][191]LogModuleManager: Shutting down and abandoning module GeometryMode (586)
[2018.10.08-23.09.13:567][191]LogModuleManager: Shutting down and abandoning module TextureAlignMode (584)
[2018.10.08-23.09.13:567][191]LogModuleManager: Shutting down and abandoning module BspMode (582)
[2018.10.08-23.09.13:567][191]LogModuleManager: Shutting down and abandoning module PIEPreviewDeviceProfileSelector (580)
[2018.10.08-23.09.13:567][191]LogModuleManager: Shutting down and abandoning module SequenceRecorderSections (578)
[2018.10.08-23.09.13:567][191]LogModuleManager: Shutting down and abandoning module AutomationWorker (576)
[2018.10.08-23.09.13:567][191]LogModuleManager: Shutting down and abandoning module AudioCaptureEditor (574)
[2018.10.08-23.09.13:567][191]LogModuleManager: Shutting down and abandoning module SequenceRecorder (573)
[2018.10.08-23.09.13:567][191]LogModuleManager: Shutting down and abandoning module MatineeToLevelSequence (570)
[2018.10.08-23.09.13:567][191]LogModuleManager: Shutting down and abandoning module LevelSequenceEditor (568)
[2018.10.08-23.09.13:567][191]LogModuleManager: Shutting down and abandoning module PlacementMode (567)
[2018.10.08-23.09.13:567][191]LogModuleManager: Shutting down and abandoning module MaterialEditor (566)
[2018.10.08-23.09.13:567][191]LogModuleManager: Shutting down and abandoning module WmfMediaFactory (562)
[2018.10.08-23.09.13:567][191]LogModuleManager: Shutting down and abandoning module WmfMediaEditor (560)
[2018.10.08-23.09.13:567][191]LogModuleManager: Shutting down and abandoning module MediaPlayerEditor (558)
[2018.10.08-23.09.13:567][191]LogModuleManager: Shutting down and abandoning module OpenExrWrapper (556)
[2018.10.08-23.09.13:567][191]LogModuleManager: Shutting down and abandoning module ImgMediaFactory (554)
[2018.10.08-23.09.13:567][191]LogModuleManager: Shutting down and abandoning module ImgMediaEditor (552)
[2018.10.08-23.09.13:567][191]LogModuleManager: Shutting down and abandoning module AvfMediaFactory (550)
[2018.10.08-23.09.13:567][191]LogModuleManager: Shutting down and abandoning module AvfMediaEditor (548)
[2018.10.08-23.09.13:567][191]LogModuleManager: Shutting down and abandoning module AndroidMediaFactory (546)
[2018.10.08-23.09.13:567][191]LogModuleManager: Shutting down and abandoning module AndroidMediaEditor (544)
[2018.10.08-23.09.13:567][191]LogModuleManager: Shutting down and abandoning module MagicLeapCameraPreviewFactory (542)
[2018.10.08-23.09.13:567][191]LogModuleManager: Shutting down and abandoning module MagicLeapMediaFactory (540)
[2018.10.08-23.09.13:567][191]LogModuleManager: Shutting down and abandoning module MagicLeapMediaEditor (538)
[2018.10.08-23.09.13:567][191]LogModuleManager: Shutting down and abandoning module CharacterAI (536)
[2018.10.08-23.09.13:567][191]LogModuleManager: Shutting down and abandoning module SmartSnapping (534)
[2018.10.08-23.09.13:567][191]LogModuleManager: Shutting down and abandoning module SessionServices (532)
[2018.10.08-23.09.13:567][191]LogModuleManager: Shutting down and abandoning module ViewportSnapping (530)
[2018.10.08-23.09.13:567][191]LogModuleManager: Shutting down and abandoning module ViewportInteraction (528)
[2018.10.08-23.09.13:567][191]LogModuleManager: Shutting down and abandoning module ClothPainter (526)
[2018.10.08-23.09.13:567][191]LogModuleManager: Shutting down and abandoning module SkeletalMeshEditor (525)
[2018.10.08-23.09.13:568][191]LogModuleManager: Shutting down and abandoning module LogVisualizer (522)
[2018.10.08-23.09.13:568][191]LogModuleManager: Shutting down and abandoning module IntroTutorials (520)
[2018.10.08-23.09.13:568][191]LogModuleManager: Shutting down and abandoning module GameProjectGeneration (519)
[2018.10.08-23.09.13:568][191]LogModuleManager: Shutting down and abandoning module LuminPlatformEditor (516)
[2018.10.08-23.09.13:568][191]LogModuleManager: Shutting down and abandoning module IOSPlatformEditor (514)
[2018.10.08-23.09.13:568][191]LogModuleManager: Shutting down and abandoning module HTML5PlatformEditor (512)
[2018.10.08-23.09.13:568][191]LogModuleManager: Shutting down and abandoning module AndroidPlatformEditor (510)
[2018.10.08-23.09.13:568][191]LogModuleManager: Shutting down and abandoning module AndroidDeviceDetection (509)
[2018.10.08-23.09.14:172][191]LogModuleManager: Shutting down and abandoning module WindowsPlatformEditor (506)
[2018.10.08-23.09.14:172][191]LogModuleManager: Shutting down and abandoning module LuminRuntimeSettings (504)
[2018.10.08-23.09.14:172][191]LogModuleManager: Shutting down and abandoning module IOSRuntimeSettings (502)
[2018.10.08-23.09.14:172][191]LogModuleManager: Shutting down and abandoning module AndroidRuntimeSettings (500)
[2018.10.08-23.09.14:172][191]LogModuleManager: Shutting down and abandoning module InputBindingEditor (498)
[2018.10.08-23.09.14:172][191]LogModuleManager: Shutting down and abandoning module MergeActors (496)
[2018.10.08-23.09.14:172][191]LogModuleManager: Shutting down and abandoning module LocalizationDashboard (494)
[2018.10.08-23.09.14:172][191]LogModuleManager: Shutting down and abandoning module LocalizationService (493)
[2018.10.08-23.09.14:172][191]LogModuleManager: Shutting down and abandoning module HardwareTargeting (490)
[2018.10.08-23.09.14:172][191]LogModuleManager: Shutting down and abandoning module DeviceProfileEditor (488)
[2018.10.08-23.09.14:172][191]LogModuleManager: Shutting down and abandoning module UndoHistory (486)
[2018.10.08-23.09.14:172][191]LogModuleManager: Shutting down and abandoning module XmlParser (484)
[2018.10.08-23.09.14:172][191]LogModuleManager: Shutting down and abandoning module Blutility (482)
[2018.10.08-23.09.14:172][191]LogModuleManager: Shutting down and abandoning module ProjectSettingsViewer (480)
[2018.10.08-23.09.14:172][191]LogModuleManager: Shutting down and abandoning module ProjectTargetPlatformEditor (479)
[2018.10.08-23.09.14:172][191]LogModuleManager: Shutting down and abandoning module EditorSettingsViewer (476)
[2018.10.08-23.09.14:172][191]LogModuleManager: Shutting down and abandoning module SettingsEditor (474)
[2018.10.08-23.09.14:172][191]LogModuleManager: Shutting down and abandoning module ProjectLauncher (472)
[2018.10.08-23.09.14:172][191]LogModuleManager: Shutting down and abandoning module SessionFrontend (470)
[2018.10.08-23.09.14:172][191]LogModuleManager: Shutting down and abandoning module ProfilerClient (468)
[2018.10.08-23.09.14:172][191]LogModuleManager: Shutting down and abandoning module DeviceManager (466)
[2018.10.08-23.09.14:172][191]LogModuleManager: Shutting down and abandoning module TargetDeviceServices (465)
[2018.10.08-23.09.14:238][191]LogModuleManager: Shutting down and abandoning module AutomationController (462)
[2018.10.08-23.09.14:238][191]LogModuleManager: Shutting down and abandoning module AutomationWindow (460)
[2018.10.08-23.09.14:238][191]LogModuleManager: Shutting down and abandoning module Layers (458)
[2018.10.08-23.09.14:238][191]LogModuleManager: Shutting down and abandoning module ComponentVisualizers (456)
[2018.10.08-23.09.14:238][191]LogModuleManager: Shutting down and abandoning module DetailCustomizations (454)
[2018.10.08-23.09.14:238][191]LogModuleManager: Shutting down and abandoning module PackagesDialog (452)
[2018.10.08-23.09.14:238][191]LogModuleManager: Shutting down and abandoning module Persona (450)
[2018.10.08-23.09.14:238][191]LogModuleManager: Shutting down and abandoning module AdvancedPreviewScene (449)
[2018.10.08-23.09.14:238][191]LogModuleManager: Shutting down and abandoning module AnimGraph (447)
[2018.10.08-23.09.14:238][191]LogModuleManager: Shutting down and abandoning module Kismet (444)
[2018.10.08-23.09.14:238][191]LogModuleManager: Shutting down and abandoning module GraphEditor (442)
[2018.10.08-23.09.14:238][191]LogModuleManager: Shutting down and abandoning module ClassViewer (440)
[2018.10.08-23.09.14:238][191]LogModuleManager: Shutting down and abandoning module Toolbox (438)
[2018.10.08-23.09.14:238][191]LogModuleManager: Shutting down and abandoning module ModuleUI (436)
[2018.10.08-23.09.14:238][191]LogModuleManager: Shutting down and abandoning module MovieSceneTools (434)
[2018.10.08-23.09.14:239][191]LogModuleManager: Shutting down and abandoning module OutputLog (432)
[2018.10.08-23.09.14:239][191]LogModuleManager: Shutting down and abandoning module GammaUI (430)
[2018.10.08-23.09.14:239][191]LogModuleManager: Shutting down and abandoning module Documentation (428)
[2018.10.08-23.09.14:239][191]LogModuleManager: Shutting down and abandoning module MovieSceneTracks (426)
[2018.10.08-23.09.14:239][191]LogModuleManager: Shutting down and abandoning module MovieScene (424)
[2018.10.08-23.09.14:239][191]LogModuleManager: Shutting down and abandoning module StreamingPauseRendering (422)
[2018.10.08-23.09.14:239][191]LogModuleManager: Shutting down and abandoning module LauncherPlatform (420)
[2018.10.08-23.09.14:239][191]LogModuleManager: Shutting down and abandoning module AnalyticsET (418)
[2018.10.08-23.09.14:239][191]LogModuleManager: Shutting down and abandoning module PortalServices (416)
[2018.10.08-23.09.14:239][191]LogModuleManager: Shutting down and abandoning module PortalRpc (414)
[2018.10.08-23.09.14:239][191]LogModuleManager: Shutting down and abandoning module MessagingRpc (412)
[2018.10.08-23.09.14:239][191]LogModuleManager: Shutting down and abandoning module AIModule (410)
[2018.10.08-23.09.14:239][191]LogModuleManager: Shutting down and abandoning module GameplayDebugger (409)
[2018.10.08-23.09.14:239][191]LogModuleManager: Shutting down and abandoning module AITestSuite (407)
[2018.10.08-23.09.14:239][191]LogModuleManager: Shutting down and abandoning module NavigationSystem (405)
[2018.10.08-23.09.14:239][191]LogModuleManager: Shutting down and abandoning module DesktopPlatform (402)
[2018.10.08-23.09.14:239][191]LogModuleManager: Shutting down and abandoning module ProfilerService (400)
[2018.10.08-23.09.14:476][191]LogModuleManager: Shutting down and abandoning module TaskGraph (398)
[2018.10.08-23.09.14:476][191]LogModuleManager: Shutting down and abandoning module SteamVRController (396)
[2018.10.08-23.09.14:476][191]LogModuleManager: Shutting down and abandoning module ProceduralMeshComponentEditor (394)
[2018.10.08-23.09.14:476][191]LogModuleManager: Shutting down and abandoning module ProceduralMeshComponent (392)
[2018.10.08-23.09.14:476][191]LogModuleManager: Shutting down and abandoning module OculusInput (390)
[2018.10.08-23.09.14:476][191]LogModuleManager: Shutting down and abandoning module MobilePatchingUtils (388)
[2018.10.08-23.09.14:476][191]LogModuleManager: Shutting down and abandoning module EditableMesh (386)
[2018.10.08-23.09.14:476][191]LogModuleManager: Shutting down and abandoning module CustomMeshComponent (384)
[2018.10.08-23.09.14:476][191]LogModuleManager: Shutting down and abandoning module CableComponent (382)
[2018.10.08-23.09.14:476][191]LogModuleManager: Shutting down and abandoning module AudioCapture (380)
[2018.10.08-23.09.14:476][191]LogModuleManager: Shutting down and abandoning module ArchVisCharacter (378)
[2018.10.08-23.09.14:476][191]LogModuleManager: Shutting down and abandoning module AndroidPermission (376)
[2018.10.08-23.09.14:476][191]LogModuleManager: Shutting down and abandoning module NUTUnrealEngine4 (374)
[2018.10.08-23.09.14:476][191]LogModuleManager: Shutting down and abandoning module NetcodeUnitTest (372)
[2018.10.08-23.09.14:476][191]LogModuleManager: Shutting down and abandoning module MediaCompositingEditor (370)
[2018.10.08-23.09.14:476][191]LogModuleManager: Shutting down and abandoning module MediaCompositing (368)
[2018.10.08-23.09.14:476][191]LogModuleManager: Shutting down and abandoning module LinearTimecode (366)
[2018.10.08-23.09.14:476][191]LogModuleManager: Shutting down and abandoning module ImgMedia (364)
[2018.10.08-23.09.14:478][191]LogModuleManager: Shutting down and abandoning module HTML5Networking (362)
[2018.10.08-23.09.14:478][191]LogModuleManager: Shutting down and abandoning module GeometryCacheTracks (360)
[2018.10.08-23.09.14:478][191]LogModuleManager: Shutting down and abandoning module GeometryCacheSequencer (358)
[2018.10.08-23.09.14:478][191]LogModuleManager: Shutting down and abandoning module BackChannel (356)
[2018.10.08-23.09.14:479][191]LogModuleManager: Shutting down and abandoning module AppleVision (354)
[2018.10.08-23.09.14:479][191]LogModuleManager: Shutting down and abandoning module AppleImageUtils (352)
[2018.10.08-23.09.14:479][191]LogModuleManager: Shutting down and abandoning module AlembicImporter (350)
[2018.10.08-23.09.14:479][191]LogModuleManager: Shutting down and abandoning module AlembicLibrary (349)
[2018.10.08-23.09.14:479][191]LogModuleManager: Shutting down and abandoning module GeometryCache (348)
[2018.10.08-23.09.14:479][191]LogModuleManager: Shutting down and abandoning module GeometryCacheEd (347)
[2018.10.08-23.09.14:479][191]LogModuleManager: Shutting down and abandoning module DatasmithContentEditor (342)
[2018.10.08-23.09.14:479][191]LogModuleManager: Shutting down and abandoning module DatasmithContent (340)
[2018.10.08-23.09.14:479][191]LogModuleManager: Shutting down and abandoning module SpeedTreeImporter (338)
[2018.10.08-23.09.14:479][191]LogModuleManager: Shutting down and abandoning module PluginBrowser (336)
[2018.10.08-23.09.14:479][191]LogModuleManager: Shutting down and abandoning module MobileLauncherProfileWizard (334)
[2018.10.08-23.09.14:479][191]LogModuleManager: Shutting down and abandoning module PolygonModeling (332)
[2018.10.08-23.09.14:479][191]LogModuleManager: Shutting down and abandoning module MeshEditor (330)
[2018.10.08-23.09.14:479][191]LogModuleManager: Shutting down and abandoning module CryptoKeysOpenSSL (328)
[2018.10.08-23.09.14:479][191]LogModuleManager: Shutting down and abandoning module CryptoKeys (326)
[2018.10.08-23.09.14:479][191]LogModuleManager: Shutting down and abandoning module VisualStudioSourceCodeAccess (324)
[2018.10.08-23.09.14:479][191]LogModuleManager: Shutting down and abandoning module VisualStudioCodeSourceCodeAccess (322)
[2018.10.08-23.09.14:479][191]LogModuleManager: Shutting down and abandoning module UObjectPlugin (320)
[2018.10.08-23.09.14:479][191]LogModuleManager: Shutting down and abandoning module SubversionSourceControl (318)
[2018.10.08-23.09.14:479][191]LogModuleManager: Shutting down and abandoning module PerforceSourceControl (316)
[2018.10.08-23.09.14:479][191]LogModuleManager: Shutting down and abandoning module GitSourceControl (314)
[2018.10.08-23.09.14:480][191]LogModuleManager: Shutting down and abandoning module SourceControl (313)
[2018.10.08-23.09.14:480][191]LogModuleManager: Shutting down and abandoning module CLionSourceCodeAccess (310)
[2018.10.08-23.09.14:480][191]LogModuleManager: Shutting down and abandoning module LightPropagationVolumeEditor (308)
[2018.10.08-23.09.14:480][191]LogModuleManager: Shutting down and abandoning module PaperTiledImporter (306)
[2018.10.08-23.09.14:480][191]LogModuleManager: Shutting down and abandoning module PaperSpriteSheetImporter (304)
[2018.10.08-23.09.14:480][191]LogModuleManager: Shutting down and abandoning module Paper2DEditor (302)
[2018.10.08-23.09.14:480][191]LogModuleManager: Shutting down and abandoning module MeshPaint (301)
[2018.10.08-23.09.14:480][191]LogModuleManager: Shutting down and abandoning module RuntimePhysXCooking (298)
[2018.10.08-23.09.14:480][191]LogModuleManager: Shutting down and abandoning module PhysXVehiclesEditor (296)
[2018.10.08-23.09.14:480][191]LogModuleManager: Shutting down and abandoning module PhysXVehicles (294)
[2018.10.08-23.09.14:480][191]LogModuleManager: Shutting down and abandoning module OculusEditor (292)
[2018.10.08-23.09.14:480][191]LogModuleManager: Shutting down and abandoning module LocationServicesBPLibrary (290)
[2018.10.08-23.09.14:480][191]LogModuleManager: Shutting down and abandoning module ImmediatePhysicsEditor (288)
[2018.10.08-23.09.14:480][191]LogModuleManager: Shutting down and abandoning module ImmediatePhysics (286)
[2018.10.08-23.09.14:480][191]LogModuleManager: Shutting down and abandoning module ActorSequence (284)
[2018.10.08-23.09.14:480][191]LogModuleManager: Shutting down and abandoning module UdpMessaging (282)
[2018.10.08-23.09.14:581][191]LogModuleManager: Shutting down and abandoning module TcpMessaging (280)
[2018.10.08-23.09.14:682][191]LogModuleManager: Shutting down and abandoning module MagicLeapAudio (278)
[2018.10.08-23.09.14:682][191]LogModuleManager: Shutting down and abandoning module GameplayTagsEditor (276)
[2018.10.08-23.09.14:682][191]LogModuleManager: Shutting down and abandoning module FacialAnimationEditor (274)
[2018.10.08-23.09.14:682][191]LogModuleManager: Shutting down and abandoning module FacialAnimation (272)
[2018.10.08-23.09.14:682][191]LogModuleManager: Shutting down and abandoning module DataValidation (270)
[2018.10.08-23.09.14:682][191]LogModuleManager: Shutting down and abandoning module AssetManagerEditor (268)
[2018.10.08-23.09.14:682][191]LogModuleManager: Shutting down and abandoning module LevelEditor (267)
[2018.10.08-23.09.14:682][191]LogModuleManager: Shutting down and abandoning module PixelInspectorModule (266)
[2018.10.08-23.09.14:682][191]LogModuleManager: Shutting down and abandoning module CommonMenuExtensions (264)
[2018.10.08-23.09.14:682][191]LogModuleManager: Shutting down and abandoning module MainFrame (262)
[2018.10.08-23.09.14:682][191]LogModuleManager: Shutting down and abandoning module HotReload (261)
[2018.10.08-23.09.14:683][191]LogModuleManager: Shutting down and abandoning module ContentBrowser (257)
[2018.10.08-23.09.14:683][191]LogModuleManager: Shutting down and abandoning module TreeMap (255)
[2018.10.08-23.09.14:683][191]LogModuleManager: Shutting down and abandoning module LightPropagationVolumeRuntime (252)
[2018.10.08-23.09.14:683][191]LogModuleManager: Shutting down and abandoning module AISupportModule (250)
[2018.10.08-23.09.14:683][191]LogModuleManager: Shutting down and abandoning module Paper2D (248)
[2018.10.08-23.09.14:683][191]LogModuleManager: Shutting down and abandoning module WindowsMoviePlayer (246)
[2018.10.08-23.09.14:684][191]LogModuleManager: Shutting down and abandoning module WmfMedia (244)
[2018.10.08-23.09.14:685][191]LogModuleManager: Shutting down and abandoning module Media (243)
[2018.10.08-23.09.14:691][191]LogModuleManager: Shutting down and abandoning module PacketHandler (240)
[2018.10.08-23.09.14:691][191]LogModuleManager: Shutting down and abandoning module ClothingSystemEditor (238)
[2018.10.08-23.09.14:691][191]LogModuleManager: Shutting down and abandoning module ClothingSystemRuntime (236)
[2018.10.08-23.09.14:691][191]LogModuleManager: Shutting down and abandoning module MediaAssets (234)
[2018.10.08-23.09.14:691][191]LogModuleManager: Shutting down and abandoning module Overlay (232)
[2018.10.08-23.09.14:691][191]LogModuleManager: Shutting down and abandoning module OverlayEditor (231)
[2018.10.08-23.09.14:691][191]LogModuleManager: Shutting down and abandoning module VREditor (228)
[2018.10.08-23.09.14:691][191]LogModuleManager: Shutting down and abandoning module StringTableEditor (226)
[2018.10.08-23.09.14:691][191]LogModuleManager: Shutting down and abandoning module GameplayTasksEditor (224)
[2018.10.08-23.09.14:691][191]LogModuleManager: Shutting down and abandoning module BehaviorTreeEditor (222)
[2018.10.08-23.09.14:691][191]LogModuleManager: Shutting down and abandoning module FunctionalTesting (220)
[2018.10.08-23.09.14:691][191]LogModuleManager: Shutting down and abandoning module CollisionAnalyzer (218)
[2018.10.08-23.09.14:691][191]LogModuleManager: Shutting down and abandoning module WorkspaceMenuStructure (217)
[2018.10.08-23.09.14:691][191]LogModuleManager: Shutting down and abandoning module UMG (214)
[2018.10.08-23.09.14:691][191]LogModuleManager: Shutting down and abandoning module UMGEditor (213)
[2018.10.08-23.09.14:691][191]LogModuleManager: Shutting down and abandoning module Sequencer (212)
[2018.10.08-23.09.14:691][191]LogModuleManager: Shutting down and abandoning module MessageLog (209)
[2018.10.08-23.09.14:691][191]LogModuleManager: Shutting down and abandoning module SlateReflector (204)
[2018.10.08-23.09.14:691][191]LogModuleManager: Shutting down and abandoning module Slate (202)
[2018.10.08-23.09.14:691][191]LogModuleManager: Shutting down and abandoning module EditorStyle (200)
[2018.10.08-23.09.14:692][191]LogModuleManager: Shutting down and abandoning module MRMesh (198)
[2018.10.08-23.09.14:692][191]LogModuleManager: Shutting down and abandoning module SourceCodeAccess (196)
[2018.10.08-23.09.14:692][191]LogModuleManager: Shutting down and abandoning module HeadMountedDisplay (194)
[2018.10.08-23.09.14:692][191]LogModuleManager: Shutting down and abandoning module XAudio2 (192)
[2018.10.08-23.09.14:692][191]LogModuleManager: Shutting down and abandoning module Networking (190)
[2018.10.08-23.09.14:692][191]LogModuleManager: Shutting down and abandoning module Core (188)
[2018.10.08-23.09.14:692][191]LogModuleManager: Shutting down and abandoning module LevelSequence (186)
[2018.10.08-23.09.14:693][191]LogModuleManager: Shutting down and abandoning module KismetCompiler (184)
[2018.10.08-23.09.14:693][191]LogModuleManager: Shutting down and abandoning module MeshUtilities (182)
[2018.10.08-23.09.14:693][191]LogModuleManager: Shutting down and abandoning module MeshMergeUtilities (181)
[2018.10.08-23.09.14:693][191]LogModuleManager: Shutting down and abandoning module MeshReductionInterface (180)
[2018.10.08-23.09.14:693][191]LogModuleManager: Shutting down and abandoning module SimplygonSwarm (179)
[2018.10.08-23.09.14:693][191]LogModuleManager: Shutting down and abandoning module ProxyLODMeshReduction (177)
[2018.10.08-23.09.14:693][191]LogModuleManager: Shutting down and abandoning module SimplygonMeshReduction (175)
[2018.10.08-23.09.14:693][191]LogModuleManager: Shutting down and abandoning module QuadricMeshReduction (173)
[2018.10.08-23.09.14:693][191]LogModuleManager: Shutting down and abandoning module MaterialBaking (169)
[2018.10.08-23.09.14:693][191]LogModuleManager: Shutting down and abandoning module DirectoryWatcher (165)
[2018.10.08-23.09.14:693][191]LogModuleManager: Shutting down and abandoning module DerivedDataCache (162)
[2018.10.08-23.09.14:747][191]LogDerivedDataCache: Shutdown
[2018.10.08-23.09.14:747][191]LogModuleManager: Shutting down and abandoning module XGEController (160)
[2018.10.08-23.09.14:747][191]LogModuleManager: Shutting down and abandoning module TargetPlatform (158)
[2018.10.08-23.09.14:747][191]LogModuleManager: Shutting down and abandoning module VulkanShaderFormat (157)
[2018.10.08-23.09.14:747][191]LogModuleManager: Shutting down and abandoning module ShaderFormatVectorVM (155)
[2018.10.08-23.09.14:747][191]LogModuleManager: Shutting down and abandoning module ShaderFormatOpenGL (153)
[2018.10.08-23.09.14:747][191]LogModuleManager: Shutting down and abandoning module ShaderFormatD3D (151)
[2018.10.08-23.09.14:747][191]LogModuleManager: Shutting down and abandoning module MetalShaderFormat (149)
[2018.10.08-23.09.14:747][191]LogModuleManager: Shutting down and abandoning module TextureFormatUncompressed (147)
[2018.10.08-23.09.14:747][191]LogModuleManager: Shutting down and abandoning module TextureFormatPVR (145)
[2018.10.08-23.09.14:747][191]LogModuleManager: Shutting down and abandoning module TextureFormatDXT (143)
[2018.10.08-23.09.14:747][191]LogModuleManager: Shutting down and abandoning module TextureFormatIntelISPCTexComp (141)
[2018.10.08-23.09.14:747][191]LogModuleManager: Shutting down and abandoning module TextureFormatASTC (139)
[2018.10.08-23.09.14:747][191]LogModuleManager: Shutting down and abandoning module ImageWrapper (138)
[2018.10.08-23.09.14:747][191]LogModuleManager: Shutting down and abandoning module TextureFormatAndroid (135)
[2018.10.08-23.09.14:747][191]LogModuleManager: Shutting down and abandoning module AudioFormatOpus (133)
[2018.10.08-23.09.14:747][191]LogModuleManager: Shutting down and abandoning module AudioFormatOgg (131)
[2018.10.08-23.09.14:747][191]LogModuleManager: Shutting down and abandoning module AudioFormatADPCM (129)
[2018.10.08-23.09.14:747][191]LogModuleManager: Shutting down and abandoning module LuminTargetPlatform (127)
[2018.10.08-23.09.14:747][191]LogModuleManager: Shutting down and abandoning module LinuxTargetPlatform (125)
[2018.10.08-23.09.14:748][191]LogModuleManager: Shutting down and abandoning module LinuxServerTargetPlatform (123)
[2018.10.08-23.09.14:748][191]LogModuleManager: Shutting down and abandoning module LinuxNoEditorTargetPlatform (121)
[2018.10.08-23.09.14:748][191]LogModuleManager: Shutting down and abandoning module LinuxClientTargetPlatform (119)
[2018.10.08-23.09.14:748][191]LogModuleManager: Shutting down and abandoning module TVOSTargetPlatform (117)
[2018.10.08-23.09.14:748][191]LogModuleManager: Shutting down and abandoning module Messaging (115)
[2018.10.08-23.09.14:748][191]LogModuleManager: Shutting down and abandoning module IOSTargetPlatform (113)
[2018.10.08-23.09.14:749][191]LogModuleManager: Shutting down and abandoning module HTML5TargetPlatform (111)
[2018.10.08-23.09.14:749][191]LogModuleManager: Shutting down and abandoning module AndroidTargetPlatform (109)
[2018.10.08-23.09.14:753][191]LogModuleManager: Shutting down and abandoning module WindowsTargetPlatform (107)
[2018.10.08-23.09.14:753][191]LogModuleManager: Shutting down and abandoning module WindowsServerTargetPlatform (105)
[2018.10.08-23.09.14:753][191]LogModuleManager: Shutting down and abandoning module WindowsNoEditorTargetPlatform (103)
[2018.10.08-23.09.14:753][191]LogModuleManager: Shutting down and abandoning module WindowsClientTargetPlatform (101)
[2018.10.08-23.09.14:753][191]LogModuleManager: Shutting down and abandoning module MacTargetPlatform (99)
[2018.10.08-23.09.14:753][191]LogModuleManager: Shutting down and abandoning module MacServerTargetPlatform (97)
[2018.10.08-23.09.14:753][191]LogModuleManager: Shutting down and abandoning module MacNoEditorTargetPlatform (95)
[2018.10.08-23.09.14:753][191]LogModuleManager: Shutting down and abandoning module MacClientTargetPlatform (93)
[2018.10.08-23.09.14:753][191]LogModuleManager: Shutting down and abandoning module AllDesktopTargetPlatform (91)
[2018.10.08-23.09.14:753][191]LogModuleManager: Shutting down and abandoning module InputCore (88)
[2018.10.08-23.09.14:753][191]LogModuleManager: Shutting down and abandoning module Settings (86)
[2018.10.08-23.09.14:753][191]LogModuleManager: Shutting down and abandoning module PhysXCooking (84)
[2018.10.08-23.09.14:753][191]LogModuleManager: Shutting down and abandoning module SteamVR (82)
[2018.10.08-23.09.14:753][191]LogModuleManager: Shutting down and abandoning module OculusHMD (80)
[2018.10.08-23.09.14:753][191]LogModuleManager: Shutting down and abandoning module ExampleDeviceProfileSelector (78)
[2018.10.08-23.09.14:753][191]LogModuleManager: Shutting down and abandoning module LauncherChunkInstaller (76)
[2018.10.08-23.09.14:753][191]LogModuleManager: Shutting down and abandoning module OnlineBlueprintSupport (74)
[2018.10.08-23.09.14:753][191]LogModuleManager: Shutting down and abandoning module OnlineSubsystem (70)
[2018.10.08-23.09.14:754][191]LogModuleManager: Shutting down and abandoning module XMPP (65)
[2018.10.08-23.09.14:754][191]LogModuleManager: Shutting down and abandoning module WebSockets (64)
[2018.10.08-23.09.14:766][191]LogModuleManager: Shutting down and abandoning module HTTP (61)
[2018.10.08-23.09.14:767][191]LogHttp: Display: Http module shutting down, but needs to wait on 1 outstanding Http requests:
[2018.10.08-23.09.14:767][191]LogHttp: Display: 	verb=[POST] url=[https://datarouter.ol.epicgames.com/datarouter/api/v1/public/data?SessionID=%7BF1567DD9-443C-8918-B04D-F9A349D8033F%7D&AppID=UEEditor.Rocket.Release&AppVersion=4.20.0-4212847%2B%2B%2BUE4%2BRelease-4.20&UserID=88e0b05b44472c2ed556ddb0718fa2cf%7C%7Cca3921b2-e1a9-4870-b450-16b09fd9ddc5&AppEnvironment=datacollector-binary&UploadType=eteventstream] status=Processing
[2018.10.08-23.09.14:786][191]LogModuleManager: Shutting down and abandoning module SSL (60)
[2018.10.08-23.09.14:787][191]LogModuleManager: Shutting down and abandoning module MagicLeapEmulator (56)
[2018.10.08-23.09.14:787][191]LogModuleManager: Shutting down and abandoning module MagicLeapPrivileges (54)
[2018.10.08-23.09.14:787][191]LogModuleManager: Shutting down and abandoning module MagicLeapIdentity (52)
[2018.10.08-23.09.14:787][191]LogModuleManager: Shutting down and abandoning module MagicLeapHelperVulkan (50)
[2018.10.08-23.09.14:787][191]LogModuleManager: Shutting down and abandoning module MagicLeapHelperOpenGL (48)
[2018.10.08-23.09.14:787][191]LogModuleManager: Shutting down and abandoning module MagicLeapSecureStorage (46)
[2018.10.08-23.09.14:787][191]LogModuleManager: Shutting down and abandoning module MagicLeapGestures (44)
[2018.10.08-23.09.14:787][191]LogModuleManager: Shutting down and abandoning module MagicLeapEyeTracker (42)
[2018.10.08-23.09.14:787][191]LogModuleManager: Shutting down and abandoning module MagicLeapController (40)
[2018.10.08-23.09.14:787][191]LogSlate: Slate User Destroyed.  User Index 0, Is Virtual User: 0
[2018.10.08-23.09.14:787][191]LogModuleManager: Shutting down and abandoning module MagicLeap (38)
[2018.10.08-23.09.14:787][191]LogModuleManager: Shutting down and abandoning module AnimationModifiers (36)
[2018.10.08-23.09.14:787][191]LogModuleManager: Shutting down and abandoning module PropertyEditor (35)
[2018.10.08-23.09.14:788][191]LogModuleManager: Shutting down and abandoning module AudioEditor (32)
[2018.10.08-23.09.14:788][191]LogModuleManager: Shutting down and abandoning module TextureCompressor (30)
[2018.10.08-23.09.14:788][191]LogModuleManager: Shutting down and abandoning module ShaderCore (28)
[2018.10.08-23.09.14:788][191]LogModuleManager: Shutting down and abandoning module Landscape (26)
[2018.10.08-23.09.14:788][191]LogModuleManager: Shutting down and abandoning module SlateRHIRenderer (24)
[2018.10.08-23.09.14:788][191]LogModuleManager: Shutting down and abandoning module OpenGLDrv (22)
[2018.10.08-23.09.14:788][191]LogModuleManager: Shutting down and abandoning module D3D11RHI (20)
[2018.10.08-23.09.14:788][191]LogModuleManager: Shutting down and abandoning module AnimGraphRuntime (18)
[2018.10.08-23.09.14:788][191]LogModuleManager: Shutting down and abandoning module Renderer (16)
[2018.10.08-23.09.14:788][191]LogModuleManager: Shutting down and abandoning module Engine (14)
[2018.10.08-23.09.14:788][191]LogModuleManager: Shutting down and abandoning module CoreUObject (12)
[2018.10.08-23.09.14:788][191]LogModuleManager: Shutting down and abandoning module NetworkFile (10)
[2018.10.08-23.09.14:788][191]LogModuleManager: Shutting down and abandoning module CookedIterativeFile (8)
[2018.10.08-23.09.14:788][191]LogModuleManager: Shutting down and abandoning module StreamingFile (6)
[2018.10.08-23.09.14:788][191]LogModuleManager: Shutting down and abandoning module SandboxFile (4)
[2018.10.08-23.09.14:788][191]LogModuleManager: Shutting down and abandoning module PakFile (2)
[2018.10.08-23.09.14:792][191]LogExit: Exiting.
[2018.10.08-23.09.14:794][191]Log file closed, 10/08/18 17:09:14
